[1.433s] Invoking command in '/home/nikunj/tracking_proj_ws/src/servo_control': DEBUGINFOD_URLS=https://debuginfod.ubuntu.com PYTHONPATH=/home/nikunj/tracking_proj_ws/build/servo_control/prefix_override:/usr/lib/python3/dist-packages/colcon_core/task/python/colcon_distutils_commands:/home/nikunj/tracking_proj_ws/install/servo_control/lib/python3.12/site-packages:${PYTHONPATH} /usr/bin/python3 -W ignore:setup.py install is deprecated setup.py egg_info --egg-base ../../build/servo_control build --build-base /home/nikunj/tracking_proj_ws/build/servo_control/build install --record /home/nikunj/tracking_proj_ws/build/servo_control/install.log --single-version-externally-managed install_data
[1.722s] running egg_info
[1.741s] writing ../../build/servo_control/servo_control.egg-info/PKG-INFO
[1.742s] writing dependency_links to ../../build/servo_control/servo_control.egg-info/dependency_links.txt
[1.742s] writing entry points to ../../build/servo_control/servo_control.egg-info/entry_points.txt
[1.742s] writing requirements to ../../build/servo_control/servo_control.egg-info/requires.txt
[1.742s] writing top-level names to ../../build/servo_control/servo_control.egg-info/top_level.txt
[1.781s] reading manifest file '../../build/servo_control/servo_control.egg-info/SOURCES.txt'
[1.782s] writing manifest file '../../build/servo_control/servo_control.egg-info/SOURCES.txt'
[1.782s] running build
[1.782s] running build_py
[1.783s] copying servo_control/servo_controller.py -> /home/nikunj/tracking_proj_ws/build/servo_control/build/lib/servo_control
[1.783s] running install
[1.790s] running install_lib
[1.810s] copying /home/nikunj/tracking_proj_ws/build/servo_control/build/lib/servo_control/servo_controller.py -> /home/nikunj/tracking_proj_ws/install/servo_control/lib/python3.12/site-packages/servo_control
[1.810s] byte-compiling /home/nikunj/tracking_proj_ws/install/servo_control/lib/python3.12/site-packages/servo_control/servo_controller.py to servo_controller.cpython-312.pyc
[1.812s] running install_data
[1.813s] running install_egg_info
[1.834s] removing '/home/nikunj/tracking_proj_ws/install/servo_control/lib/python3.12/site-packages/servo_control-0.0.1-py3.12.egg-info' (and everything under it)
[1.834s] Copying ../../build/servo_control/servo_control.egg-info to /home/nikunj/tracking_proj_ws/install/servo_control/lib/python3.12/site-packages/servo_control-0.0.1-py3.12.egg-info
[1.834s] running install_scripts
[1.972s] Installing servo_controller_node script to /home/nikunj/tracking_proj_ws/install/servo_control/lib/servo_control
[1.972s] writing list of installed files to '/home/nikunj/tracking_proj_ws/build/servo_control/install.log'
[2.003s] Invoked command in '/home/nikunj/tracking_proj_ws/src/servo_control' returned '0': DEBUGINFOD_URLS=https://debuginfod.ubuntu.com PYTHONPATH=/home/nikunj/tracking_proj_ws/build/servo_control/prefix_override:/usr/lib/python3/dist-packages/colcon_core/task/python/colcon_distutils_commands:/home/nikunj/tracking_proj_ws/install/servo_control/lib/python3.12/site-packages:${PYTHONPATH} /usr/bin/python3 -W ignore:setup.py install is deprecated setup.py egg_info --egg-base ../../build/servo_control build --build-base /home/nikunj/tracking_proj_ws/build/servo_control/build install --record /home/nikunj/tracking_proj_ws/build/servo_control/install.log --single-version-externally-managed install_data
