running egg_info
creating ../../build/object_tracking/object_tracking.egg-info
writing ../../build/object_tracking/object_tracking.egg-info/PKG-INFO
writing dependency_links to ../../build/object_tracking/object_tracking.egg-info/dependency_links.txt
writing requirements to ../../build/object_tracking/object_tracking.egg-info/requires.txt
writing top-level names to ../../build/object_tracking/object_tracking.egg-info/top_level.txt
writing manifest file '../../build/object_tracking/object_tracking.egg-info/SOURCES.txt'
reading manifest file '../../build/object_tracking/object_tracking.egg-info/SOURCES.txt'
writing manifest file '../../build/object_tracking/object_tracking.egg-info/SOURCES.txt'
running build
running build_py
creating /home/nikunj/tracking_proj_ws/build/object_tracking/build
creating /home/nikunj/tracking_proj_ws/build/object_tracking/build/lib
creating /home/nikunj/tracking_proj_ws/build/object_tracking/build/lib/object_tracking
copying object_tracking/__init__.py -> /home/nikunj/tracking_proj_ws/build/object_tracking/build/lib/object_tracking
running install
running install_lib
creating /home/nikunj/tracking_proj_ws/install/object_tracking/lib/python3.12/site-packages/object_tracking
copying /home/nikunj/tracking_proj_ws/build/object_tracking/build/lib/object_tracking/__init__.py -> /home/nikunj/tracking_proj_ws/install/object_tracking/lib/python3.12/site-packages/object_tracking
byte-compiling /home/nikunj/tracking_proj_ws/install/object_tracking/lib/python3.12/site-packages/object_tracking/__init__.py to __init__.cpython-312.pyc
running install_data
creating /home/nikunj/tracking_proj_ws/install/object_tracking/share/ament_index
creating /home/nikunj/tracking_proj_ws/install/object_tracking/share/ament_index/resource_index
creating /home/nikunj/tracking_proj_ws/install/object_tracking/share/ament_index/resource_index/packages
copying resource/object_tracking -> /home/nikunj/tracking_proj_ws/install/object_tracking/share/ament_index/resource_index/packages
copying package.xml -> /home/nikunj/tracking_proj_ws/install/object_tracking/share/object_tracking
running install_egg_info
Copying ../../build/object_tracking/object_tracking.egg-info to /home/nikunj/tracking_proj_ws/install/object_tracking/lib/python3.12/site-packages/object_tracking-0.0.0-py3.12.egg-info
running install_scripts
writing list of installed files to '/home/nikunj/tracking_proj_ws/build/object_tracking/install.log'
