[0.960s] Invoking command in '/home/nikunj/tracking_proj_ws/src/servo_control': DEBUGINFOD_URLS=https://debuginfod.ubuntu.com PYTHONPATH=/home/nikunj/tracking_proj_ws/build/servo_controller/prefix_override:/usr/lib/python3/dist-packages/colcon_core/task/python/colcon_distutils_commands:/home/nikunj/tracking_proj_ws/install/servo_controller/lib/python3.12/site-packages:${PYTHONPATH} /usr/bin/python3 -W ignore:setup.py install is deprecated setup.py egg_info --egg-base ../../build/servo_controller build --build-base /home/nikunj/tracking_proj_ws/build/servo_controller/build install --record /home/nikunj/tracking_proj_ws/build/servo_controller/install.log --single-version-externally-managed install_data
[1.083s] running egg_info
[1.083s] creating ../../build/servo_controller/servo_control.egg-info
[1.092s] writing ../../build/servo_controller/servo_control.egg-info/PKG-INFO
[1.092s] writing dependency_links to ../../build/servo_controller/servo_control.egg-info/dependency_links.txt
[1.092s] writing entry points to ../../build/servo_controller/servo_control.egg-info/entry_points.txt
[1.092s] writing requirements to ../../build/servo_controller/servo_control.egg-info/requires.txt
[1.092s] writing top-level names to ../../build/servo_controller/servo_control.egg-info/top_level.txt
[1.092s] writing manifest file '../../build/servo_controller/servo_control.egg-info/SOURCES.txt'
[1.109s] reading manifest file '../../build/servo_controller/servo_control.egg-info/SOURCES.txt'
[1.109s] writing manifest file '../../build/servo_controller/servo_control.egg-info/SOURCES.txt'
[1.109s] running build
[1.110s] running build_py
[1.110s] creating /home/nikunj/tracking_proj_ws/build/servo_controller/build
[1.110s] creating /home/nikunj/tracking_proj_ws/build/servo_controller/build/lib
[1.110s] creating /home/nikunj/tracking_proj_ws/build/servo_controller/build/lib/servo_control
[1.110s] copying servo_control/servo_controller.py -> /home/nikunj/tracking_proj_ws/build/servo_controller/build/lib/servo_control
[1.110s] copying servo_control/__init__.py -> /home/nikunj/tracking_proj_ws/build/servo_controller/build/lib/servo_control
[1.110s] copying servo_control/position_monitor.py -> /home/nikunj/tracking_proj_ws/build/servo_controller/build/lib/servo_control
[1.110s] copying servo_control/angle_command.py -> /home/nikunj/tracking_proj_ws/build/servo_controller/build/lib/servo_control
[1.110s] running install
[1.113s] running install_lib
[1.121s] creating /home/nikunj/tracking_proj_ws/install/servo_controller/lib/python3.12/site-packages/servo_control
[1.121s] copying /home/nikunj/tracking_proj_ws/build/servo_controller/build/lib/servo_control/servo_controller.py -> /home/nikunj/tracking_proj_ws/install/servo_controller/lib/python3.12/site-packages/servo_control
[1.121s] copying /home/nikunj/tracking_proj_ws/build/servo_controller/build/lib/servo_control/__init__.py -> /home/nikunj/tracking_proj_ws/install/servo_controller/lib/python3.12/site-packages/servo_control
[1.121s] copying /home/nikunj/tracking_proj_ws/build/servo_controller/build/lib/servo_control/position_monitor.py -> /home/nikunj/tracking_proj_ws/install/servo_controller/lib/python3.12/site-packages/servo_control
[1.121s] copying /home/nikunj/tracking_proj_ws/build/servo_controller/build/lib/servo_control/angle_command.py -> /home/nikunj/tracking_proj_ws/install/servo_controller/lib/python3.12/site-packages/servo_control
[1.122s] byte-compiling /home/nikunj/tracking_proj_ws/install/servo_controller/lib/python3.12/site-packages/servo_control/servo_controller.py to servo_controller.cpython-312.pyc
[1.122s] byte-compiling /home/nikunj/tracking_proj_ws/install/servo_controller/lib/python3.12/site-packages/servo_control/__init__.py to __init__.cpython-312.pyc
[1.122s] byte-compiling /home/nikunj/tracking_proj_ws/install/servo_controller/lib/python3.12/site-packages/servo_control/position_monitor.py to position_monitor.cpython-312.pyc
[1.123s] byte-compiling /home/nikunj/tracking_proj_ws/install/servo_controller/lib/python3.12/site-packages/servo_control/angle_command.py to angle_command.cpython-312.pyc
[1.123s] running install_data
[1.123s] copying resource/servo_control -> /home/nikunj/tracking_proj_ws/install/servo_controller/share/ament_index/resource_index/packages
[1.123s] creating /home/nikunj/tracking_proj_ws/install/servo_controller/share/servo_control
[1.123s] copying package.xml -> /home/nikunj/tracking_proj_ws/install/servo_controller/share/servo_control
[1.123s] creating /home/nikunj/tracking_proj_ws/install/servo_controller/share/servo_control/launch
[1.123s] running install_egg_info
[1.132s] Copying ../../build/servo_controller/servo_control.egg-info to /home/nikunj/tracking_proj_ws/install/servo_controller/lib/python3.12/site-packages/servo_control-0.0.1-py3.12.egg-info
[1.132s] running install_scripts
[1.191s] Installing angle_command_node script to /home/nikunj/tracking_proj_ws/install/servo_controller/lib/servo_control
[1.192s] Installing position_monitor_node script to /home/nikunj/tracking_proj_ws/install/servo_controller/lib/servo_control
[1.192s] Installing servo_controller script to /home/nikunj/tracking_proj_ws/install/servo_controller/lib/servo_control
[1.192s] writing list of installed files to '/home/nikunj/tracking_proj_ws/build/servo_controller/install.log'
[1.220s] Invoked command in '/home/nikunj/tracking_proj_ws/src/servo_control' returned '0': DEBUGINFOD_URLS=https://debuginfod.ubuntu.com PYTHONPATH=/home/nikunj/tracking_proj_ws/build/servo_controller/prefix_override:/usr/lib/python3/dist-packages/colcon_core/task/python/colcon_distutils_commands:/home/nikunj/tracking_proj_ws/install/servo_controller/lib/python3.12/site-packages:${PYTHONPATH} /usr/bin/python3 -W ignore:setup.py install is deprecated setup.py egg_info --egg-base ../../build/servo_controller build --build-base /home/nikunj/tracking_proj_ws/build/servo_controller/build install --record /home/nikunj/tracking_proj_ws/build/servo_controller/install.log --single-version-externally-managed install_data
