[0.970s] Invoking command in '/home/nikunj/tracking_proj_ws/src/servo_control': DEBUGINFOD_URLS=https://debuginfod.ubuntu.com PYTHONPATH=/home/nikunj/tracking_proj_ws/build/servo_control/prefix_override:/usr/lib/python3/dist-packages/colcon_core/task/python/colcon_distutils_commands:/home/nikunj/tracking_proj_ws/install/servo_control/lib/python3.12/site-packages:${PYTHONPATH} /usr/bin/python3 -W ignore:setup.py install is deprecated setup.py egg_info --egg-base ../../build/servo_control build --build-base /home/nikunj/tracking_proj_ws/build/servo_control/build install --record /home/nikunj/tracking_proj_ws/build/servo_control/install.log --single-version-externally-managed install_data
[1.158s] running egg_info
[1.166s] writing ../../build/servo_control/servo_control.egg-info/PKG-INFO
[1.166s] writing dependency_links to ../../build/servo_control/servo_control.egg-info/dependency_links.txt
[1.166s] writing entry points to ../../build/servo_control/servo_control.egg-info/entry_points.txt
[1.166s] writing requirements to ../../build/servo_control/servo_control.egg-info/requires.txt
[1.166s] writing top-level names to ../../build/servo_control/servo_control.egg-info/top_level.txt
[1.183s] reading manifest file '../../build/servo_control/servo_control.egg-info/SOURCES.txt'
[1.183s] writing manifest file '../../build/servo_control/servo_control.egg-info/SOURCES.txt'
[1.183s] running build
[1.183s] running build_py
[1.183s] copying servo_control/servo_controller.py -> /home/nikunj/tracking_proj_ws/build/servo_control/build/lib/servo_control
[1.184s] copying servo_control/position_monitor.py -> /home/nikunj/tracking_proj_ws/build/servo_control/build/lib/servo_control
[1.184s] copying servo_control/angle_command.py -> /home/nikunj/tracking_proj_ws/build/servo_control/build/lib/servo_control
[1.184s] running install
[1.187s] running install_lib
[1.195s] copying /home/nikunj/tracking_proj_ws/build/servo_control/build/lib/servo_control/servo_controller.py -> /home/nikunj/tracking_proj_ws/install/servo_control/lib/python3.12/site-packages/servo_control
[1.195s] copying /home/nikunj/tracking_proj_ws/build/servo_control/build/lib/servo_control/position_monitor.py -> /home/nikunj/tracking_proj_ws/install/servo_control/lib/python3.12/site-packages/servo_control
[1.195s] copying /home/nikunj/tracking_proj_ws/build/servo_control/build/lib/servo_control/angle_command.py -> /home/nikunj/tracking_proj_ws/install/servo_control/lib/python3.12/site-packages/servo_control
[1.195s] byte-compiling /home/nikunj/tracking_proj_ws/install/servo_control/lib/python3.12/site-packages/servo_control/servo_controller.py to servo_controller.cpython-312.pyc
[1.196s] byte-compiling /home/nikunj/tracking_proj_ws/install/servo_control/lib/python3.12/site-packages/servo_control/position_monitor.py to position_monitor.cpython-312.pyc
[1.197s] byte-compiling /home/nikunj/tracking_proj_ws/install/servo_control/lib/python3.12/site-packages/servo_control/angle_command.py to angle_command.cpython-312.pyc
[1.197s] running install_data
[1.197s] copying package.xml -> /home/nikunj/tracking_proj_ws/install/servo_control/share/servo_control
[1.197s] creating /home/nikunj/tracking_proj_ws/install/servo_control/share/servo_control/launch
[1.197s] running install_egg_info
[1.206s] Copying ../../build/servo_control/servo_control.egg-info to /home/nikunj/tracking_proj_ws/install/servo_control/lib/python3.12/site-packages/servo_control-0.0.1-py3.12.egg-info
[1.206s] running install_scripts
[1.265s] Installing angle_command_node script to /home/nikunj/tracking_proj_ws/install/servo_control/lib/servo_control
[1.265s] Installing position_monitor_node script to /home/nikunj/tracking_proj_ws/install/servo_control/lib/servo_control
[1.265s] Installing servo_controller script to /home/nikunj/tracking_proj_ws/install/servo_control/lib/servo_control
[1.265s] writing list of installed files to '/home/nikunj/tracking_proj_ws/build/servo_control/install.log'
[1.284s] Invoked command in '/home/nikunj/tracking_proj_ws/src/servo_control' returned '0': DEBUGINFOD_URLS=https://debuginfod.ubuntu.com PYTHONPATH=/home/nikunj/tracking_proj_ws/build/servo_control/prefix_override:/usr/lib/python3/dist-packages/colcon_core/task/python/colcon_distutils_commands:/home/nikunj/tracking_proj_ws/install/servo_control/lib/python3.12/site-packages:${PYTHONPATH} /usr/bin/python3 -W ignore:setup.py install is deprecated setup.py egg_info --egg-base ../../build/servo_control build --build-base /home/nikunj/tracking_proj_ws/build/servo_control/build install --record /home/nikunj/tracking_proj_ws/build/servo_control/install.log --single-version-externally-managed install_data
