[0.896s] Invoking command in '/home/nikunj/tracking_proj_ws/src/servo_control': DEBUGINFOD_URLS=https://debuginfod.ubuntu.com PYTHONPATH=/home/nikunj/tracking_proj_ws/build/servo_controller/prefix_override:/usr/lib/python3/dist-packages/colcon_core/task/python/colcon_distutils_commands:/home/nikunj/tracking_proj_ws/install/servo_controller/lib/python3.12/site-packages:${PYTHONPATH} /usr/bin/python3 -W ignore:setup.py install is deprecated setup.py egg_info --egg-base ../../build/servo_controller build --build-base /home/nikunj/tracking_proj_ws/build/servo_controller/build install --record /home/nikunj/tracking_proj_ws/build/servo_controller/install.log --single-version-externally-managed install_data
[1.019s] running egg_info
[1.028s] writing ../../build/servo_controller/servo_control.egg-info/PKG-INFO
[1.028s] writing dependency_links to ../../build/servo_controller/servo_control.egg-info/dependency_links.txt
[1.028s] writing entry points to ../../build/servo_controller/servo_control.egg-info/entry_points.txt
[1.028s] writing requirements to ../../build/servo_controller/servo_control.egg-info/requires.txt
[1.028s] writing top-level names to ../../build/servo_controller/servo_control.egg-info/top_level.txt
[1.045s] reading manifest file '../../build/servo_controller/servo_control.egg-info/SOURCES.txt'
[1.045s] writing manifest file '../../build/servo_controller/servo_control.egg-info/SOURCES.txt'
[1.045s] running build
[1.045s] running build_py
[1.045s] running install
[1.048s] running install_lib
[1.057s] running install_data
[1.057s] running install_egg_info
[1.066s] removing '/home/nikunj/tracking_proj_ws/install/servo_controller/lib/python3.12/site-packages/servo_control-0.0.1-py3.12.egg-info' (and everything under it)
[1.066s] Copying ../../build/servo_controller/servo_control.egg-info to /home/nikunj/tracking_proj_ws/install/servo_controller/lib/python3.12/site-packages/servo_control-0.0.1-py3.12.egg-info
[1.066s] running install_scripts
[1.126s] Installing angle_command_node script to /home/nikunj/tracking_proj_ws/install/servo_controller/lib/servo_control
[1.127s] Installing position_monitor_node script to /home/nikunj/tracking_proj_ws/install/servo_controller/lib/servo_control
[1.127s] Installing servo_controller script to /home/nikunj/tracking_proj_ws/install/servo_controller/lib/servo_control
[1.127s] writing list of installed files to '/home/nikunj/tracking_proj_ws/build/servo_controller/install.log'
[1.152s] Invoked command in '/home/nikunj/tracking_proj_ws/src/servo_control' returned '0': DEBUGINFOD_URLS=https://debuginfod.ubuntu.com PYTHONPATH=/home/nikunj/tracking_proj_ws/build/servo_controller/prefix_override:/usr/lib/python3/dist-packages/colcon_core/task/python/colcon_distutils_commands:/home/nikunj/tracking_proj_ws/install/servo_controller/lib/python3.12/site-packages:${PYTHONPATH} /usr/bin/python3 -W ignore:setup.py install is deprecated setup.py egg_info --egg-base ../../build/servo_controller build --build-base /home/nikunj/tracking_proj_ws/build/servo_controller/build install --record /home/nikunj/tracking_proj_ws/build/servo_controller/install.log --single-version-externally-managed install_data
