/home/nikunj/tracking_proj_ws/install/servo_controller/lib/python3.12/site-packages/servo_control/servo_controller.py
/home/nikunj/tracking_proj_ws/install/servo_controller/lib/python3.12/site-packages/servo_control/__init__.py
/home/nikunj/tracking_proj_ws/install/servo_controller/lib/python3.12/site-packages/servo_control/position_monitor.py
/home/nikunj/tracking_proj_ws/install/servo_controller/lib/python3.12/site-packages/servo_control/angle_command.py
/home/nikunj/tracking_proj_ws/install/servo_controller/lib/python3.12/site-packages/servo_control/__pycache__/servo_controller.cpython-312.pyc
/home/nikunj/tracking_proj_ws/install/servo_controller/lib/python3.12/site-packages/servo_control/__pycache__/__init__.cpython-312.pyc
/home/nikunj/tracking_proj_ws/install/servo_controller/lib/python3.12/site-packages/servo_control/__pycache__/position_monitor.cpython-312.pyc
/home/nikunj/tracking_proj_ws/install/servo_controller/lib/python3.12/site-packages/servo_control/__pycache__/angle_command.cpython-312.pyc
/home/nikunj/tracking_proj_ws/install/servo_controller/share/ament_index/resource_index/packages/servo_control
/home/nikunj/tracking_proj_ws/install/servo_controller/share/servo_control/package.xml
/home/nikunj/tracking_proj_ws/install/servo_controller/share/servo_control/launch
/home/nikunj/tracking_proj_ws/install/servo_controller/lib/python3.12/site-packages/servo_control-0.0.1-py3.12.egg-info/entry_points.txt
/home/nikunj/tracking_proj_ws/install/servo_controller/lib/python3.12/site-packages/servo_control-0.0.1-py3.12.egg-info/requires.txt
/home/nikunj/tracking_proj_ws/install/servo_controller/lib/python3.12/site-packages/servo_control-0.0.1-py3.12.egg-info/zip-safe
/home/nikunj/tracking_proj_ws/install/servo_controller/lib/python3.12/site-packages/servo_control-0.0.1-py3.12.egg-info/dependency_links.txt
/home/nikunj/tracking_proj_ws/install/servo_controller/lib/python3.12/site-packages/servo_control-0.0.1-py3.12.egg-info/PKG-INFO
/home/nikunj/tracking_proj_ws/install/servo_controller/lib/python3.12/site-packages/servo_control-0.0.1-py3.12.egg-info/SOURCES.txt
/home/nikunj/tracking_proj_ws/install/servo_controller/lib/python3.12/site-packages/servo_control-0.0.1-py3.12.egg-info/top_level.txt
/home/nikunj/tracking_proj_ws/install/servo_controller/lib/servo_control/angle_command_node
/home/nikunj/tracking_proj_ws/install/servo_controller/lib/servo_control/position_monitor_node
/home/nikunj/tracking_proj_ws/install/servo_controller/lib/servo_control/servo_controller
