running egg_info
writing ../../build/camera_input/camera_input.egg-info/PKG-INFO
writing dependency_links to ../../build/camera_input/camera_input.egg-info/dependency_links.txt
writing entry points to ../../build/camera_input/camera_input.egg-info/entry_points.txt
writing requirements to ../../build/camera_input/camera_input.egg-info/requires.txt
writing top-level names to ../../build/camera_input/camera_input.egg-info/top_level.txt
reading manifest file '../../build/camera_input/camera_input.egg-info/SOURCES.txt'
writing manifest file '../../build/camera_input/camera_input.egg-info/SOURCES.txt'
running build
running build_py
copying camera_input/camera.py -> /home/nikunj/tracking_proj_ws/build/camera_input/build/lib/camera_input
running install
running install_lib
copying /home/nikunj/tracking_proj_ws/build/camera_input/build/lib/camera_input/camera.py -> /home/nikunj/tracking_proj_ws/install/camera_input/lib/python3.12/site-packages/camera_input
byte-compiling /home/nikunj/tracking_proj_ws/install/camera_input/lib/python3.12/site-packages/camera_input/camera.py to camera.cpython-312.pyc
running install_data
running install_egg_info
removing '/home/nikunj/tracking_proj_ws/install/camera_input/lib/python3.12/site-packages/camera_input-0.0.0-py3.12.egg-info' (and everything under it)
Copying ../../build/camera_input/camera_input.egg-info to /home/nikunj/tracking_proj_ws/install/camera_input/lib/python3.12/site-packages/camera_input-0.0.0-py3.12.egg-info
running install_scripts
Installing camera_node script to /home/nikunj/tracking_proj_ws/install/camera_input/lib/camera_input
writing list of installed files to '/home/nikunj/tracking_proj_ws/build/camera_input/install.log'
