running egg_info
writing ../../build/object_tracking/object_tracking.egg-info/PKG-INFO
writing dependency_links to ../../build/object_tracking/object_tracking.egg-info/dependency_links.txt
writing entry points to ../../build/object_tracking/object_tracking.egg-info/entry_points.txt
writing requirements to ../../build/object_tracking/object_tracking.egg-info/requires.txt
writing top-level names to ../../build/object_tracking/object_tracking.egg-info/top_level.txt
reading manifest file '../../build/object_tracking/object_tracking.egg-info/SOURCES.txt'
writing manifest file '../../build/object_tracking/object_tracking.egg-info/SOURCES.txt'
running build
running build_py
copying object_tracking/look_at_point.py -> /home/nikunj/tracking_proj_ws/build/object_tracking/build/lib/object_tracking
running install
running install_lib
copying /home/nikunj/tracking_proj_ws/build/object_tracking/build/lib/object_tracking/look_at_point.py -> /home/nikunj/tracking_proj_ws/install/object_tracking/lib/python3.12/site-packages/object_tracking
byte-compiling /home/nikunj/tracking_proj_ws/install/object_tracking/lib/python3.12/site-packages/object_tracking/look_at_point.py to look_at_point.cpython-312.pyc
running install_data
running install_egg_info
removing '/home/nikunj/tracking_proj_ws/install/object_tracking/lib/python3.12/site-packages/object_tracking-0.0.0-py3.12.egg-info' (and everything under it)
Copying ../../build/object_tracking/object_tracking.egg-info to /home/nikunj/tracking_proj_ws/install/object_tracking/lib/python3.12/site-packages/object_tracking-0.0.0-py3.12.egg-info
running install_scripts
Installing look_at_point script to /home/nikunj/tracking_proj_ws/install/object_tracking/lib/object_tracking
writing list of installed files to '/home/nikunj/tracking_proj_ws/build/object_tracking/install.log'
