[0.825s] Invoking command in '/home/nikunj/tracking_proj_ws/src/camera_input': DEBUGINFOD_URLS=https://debuginfod.ubuntu.com PYTHONPATH=/home/nikunj/tracking_proj_ws/build/camera_input/prefix_override:/usr/lib/python3/dist-packages/colcon_core/task/python/colcon_distutils_commands:/home/nikunj/tracking_proj_ws/install/camera_input/lib/python3.12/site-packages:${PYTHONPATH} /usr/bin/python3 -W ignore:setup.py install is deprecated setup.py egg_info --egg-base ../../build/camera_input build --build-base /home/nikunj/tracking_proj_ws/build/camera_input/build install --record /home/nikunj/tracking_proj_ws/build/camera_input/install.log --single-version-externally-managed install_data
[0.948s] running egg_info
[0.956s] writing ../../build/camera_input/camera_input.egg-info/PKG-INFO
[0.956s] writing dependency_links to ../../build/camera_input/camera_input.egg-info/dependency_links.txt
[0.956s] writing entry points to ../../build/camera_input/camera_input.egg-info/entry_points.txt
[0.956s] writing requirements to ../../build/camera_input/camera_input.egg-info/requires.txt
[0.956s] writing top-level names to ../../build/camera_input/camera_input.egg-info/top_level.txt
[0.973s] reading manifest file '../../build/camera_input/camera_input.egg-info/SOURCES.txt'
[0.974s] writing manifest file '../../build/camera_input/camera_input.egg-info/SOURCES.txt'
[0.974s] running build
[0.974s] running build_py
[0.974s] copying camera_input/ball_detection.py -> /home/nikunj/tracking_proj_ws/build/camera_input/build/lib/camera_input
[0.974s] running install
[0.977s] running install_lib
[0.985s] copying /home/nikunj/tracking_proj_ws/build/camera_input/build/lib/camera_input/ball_detection.py -> /home/nikunj/tracking_proj_ws/install/camera_input/lib/python3.12/site-packages/camera_input
[0.986s] byte-compiling /home/nikunj/tracking_proj_ws/install/camera_input/lib/python3.12/site-packages/camera_input/ball_detection.py to ball_detection.cpython-312.pyc
[0.987s] running install_data
[0.987s] running install_egg_info
[0.995s] removing '/home/nikunj/tracking_proj_ws/install/camera_input/lib/python3.12/site-packages/camera_input-0.0.0-py3.12.egg-info' (and everything under it)
[0.995s] Copying ../../build/camera_input/camera_input.egg-info to /home/nikunj/tracking_proj_ws/install/camera_input/lib/python3.12/site-packages/camera_input-0.0.0-py3.12.egg-info
[0.996s] running install_scripts
[1.055s] Installing ball_detector script to /home/nikunj/tracking_proj_ws/install/camera_input/lib/camera_input
[1.055s] Installing camera_node script to /home/nikunj/tracking_proj_ws/install/camera_input/lib/camera_input
[1.055s] writing list of installed files to '/home/nikunj/tracking_proj_ws/build/camera_input/install.log'
[1.070s] Invoked command in '/home/nikunj/tracking_proj_ws/src/camera_input' returned '0': DEBUGINFOD_URLS=https://debuginfod.ubuntu.com PYTHONPATH=/home/nikunj/tracking_proj_ws/build/camera_input/prefix_override:/usr/lib/python3/dist-packages/colcon_core/task/python/colcon_distutils_commands:/home/nikunj/tracking_proj_ws/install/camera_input/lib/python3.12/site-packages:${PYTHONPATH} /usr/bin/python3 -W ignore:setup.py install is deprecated setup.py egg_info --egg-base ../../build/camera_input build --build-base /home/nikunj/tracking_proj_ws/build/camera_input/build install --record /home/nikunj/tracking_proj_ws/build/camera_input/install.log --single-version-externally-managed install_data
