running egg_info
writing ../../build/servo_control/servo_control.egg-info/PKG-INFO
writing dependency_links to ../../build/servo_control/servo_control.egg-info/dependency_links.txt
writing entry points to ../../build/servo_control/servo_control.egg-info/entry_points.txt
writing requirements to ../../build/servo_control/servo_control.egg-info/requires.txt
writing top-level names to ../../build/servo_control/servo_control.egg-info/top_level.txt
reading manifest file '../../build/servo_control/servo_control.egg-info/SOURCES.txt'
writing manifest file '../../build/servo_control/servo_control.egg-info/SOURCES.txt'
running build
running build_py
copying servo_control/servo_controller.py -> /home/nikunj/tracking_proj_ws/build/servo_control/build/lib/servo_control
copying servo_control/angle_command.py -> /home/nikunj/tracking_proj_ws/build/servo_control/build/lib/servo_control
running install
running install_lib
copying /home/nikunj/tracking_proj_ws/build/servo_control/build/lib/servo_control/servo_controller.py -> /home/nikunj/tracking_proj_ws/install/servo_control/lib/python3.12/site-packages/servo_control
copying /home/nikunj/tracking_proj_ws/build/servo_control/build/lib/servo_control/angle_command.py -> /home/nikunj/tracking_proj_ws/install/servo_control/lib/python3.12/site-packages/servo_control
byte-compiling /home/nikunj/tracking_proj_ws/install/servo_control/lib/python3.12/site-packages/servo_control/servo_controller.py to servo_controller.cpython-312.pyc
byte-compiling /home/nikunj/tracking_proj_ws/install/servo_control/lib/python3.12/site-packages/servo_control/angle_command.py to angle_command.cpython-312.pyc
running install_data
running install_egg_info
removing '/home/nikunj/tracking_proj_ws/install/servo_control/lib/python3.12/site-packages/servo_control-0.0.1-py3.12.egg-info' (and everything under it)
Copying ../../build/servo_control/servo_control.egg-info to /home/nikunj/tracking_proj_ws/install/servo_control/lib/python3.12/site-packages/servo_control-0.0.1-py3.12.egg-info
running install_scripts
Installing angle_command_node script to /home/nikunj/tracking_proj_ws/install/servo_control/lib/servo_control
Installing position_monitor_node script to /home/nikunj/tracking_proj_ws/install/servo_control/lib/servo_control
Installing servo_controller script to /home/nikunj/tracking_proj_ws/install/servo_control/lib/servo_control
writing list of installed files to '/home/nikunj/tracking_proj_ws/build/servo_control/install.log'
