[1.392s] Invoking command in '/home/nikunj/tracking_proj_ws/src/object_tracking': DEBUGINFOD_URLS=https://debuginfod.ubuntu.com PYTHONPATH=/home/nikunj/tracking_proj_ws/build/object_tracking/prefix_override:/usr/lib/python3/dist-packages/colcon_core/task/python/colcon_distutils_commands:/home/nikunj/tracking_proj_ws/install/object_tracking/lib/python3.12/site-packages:${PYTHONPATH} /usr/bin/python3 -W ignore:setup.py install is deprecated setup.py egg_info --egg-base ../../build/object_tracking build --build-base /home/nikunj/tracking_proj_ws/build/object_tracking/build install --record /home/nikunj/tracking_proj_ws/build/object_tracking/install.log --single-version-externally-managed install_data
[1.689s] running egg_info
[1.709s] writing ../../build/object_tracking/object_tracking.egg-info/PKG-INFO
[1.709s] writing dependency_links to ../../build/object_tracking/object_tracking.egg-info/dependency_links.txt
[1.709s] writing entry points to ../../build/object_tracking/object_tracking.egg-info/entry_points.txt
[1.710s] writing requirements to ../../build/object_tracking/object_tracking.egg-info/requires.txt
[1.710s] writing top-level names to ../../build/object_tracking/object_tracking.egg-info/top_level.txt
[1.749s] reading manifest file '../../build/object_tracking/object_tracking.egg-info/SOURCES.txt'
[1.750s] writing manifest file '../../build/object_tracking/object_tracking.egg-info/SOURCES.txt'
[1.750s] running build
[1.750s] running build_py
[1.751s] running install
[1.758s] running install_lib
[1.778s] running install_data
[1.778s] running install_egg_info
[1.800s] removing '/home/nikunj/tracking_proj_ws/install/object_tracking/lib/python3.12/site-packages/object_tracking-0.0.0-py3.12.egg-info' (and everything under it)
[1.800s] Copying ../../build/object_tracking/object_tracking.egg-info to /home/nikunj/tracking_proj_ws/install/object_tracking/lib/python3.12/site-packages/object_tracking-0.0.0-py3.12.egg-info
[1.800s] running install_scripts
[1.937s] Installing look_at_point script to /home/nikunj/tracking_proj_ws/install/object_tracking/lib/object_tracking
[1.938s] writing list of installed files to '/home/nikunj/tracking_proj_ws/build/object_tracking/install.log'
[1.975s] Invoked command in '/home/nikunj/tracking_proj_ws/src/object_tracking' returned '0': DEBUGINFOD_URLS=https://debuginfod.ubuntu.com PYTHONPATH=/home/nikunj/tracking_proj_ws/build/object_tracking/prefix_override:/usr/lib/python3/dist-packages/colcon_core/task/python/colcon_distutils_commands:/home/nikunj/tracking_proj_ws/install/object_tracking/lib/python3.12/site-packages:${PYTHONPATH} /usr/bin/python3 -W ignore:setup.py install is deprecated setup.py egg_info --egg-base ../../build/object_tracking build --build-base /home/nikunj/tracking_proj_ws/build/object_tracking/build install --record /home/nikunj/tracking_proj_ws/build/object_tracking/install.log --single-version-externally-managed install_data
